9643.0
Run Stats for experiment at: 04-26-2018 11:40:10
9926.0
9817.0
10065.0
9470.0
9728.0
9600.0
9969.0
9922.0
9805.0
9903.0
10080.0
9913.0
9723.0
9913.0
8869.0
9779.0
10149.0
9731.0
9686.0
9112.0
9871.0
10205.0
10012.0
10277.0
9801.0
9968.0
10125.0
9974.0
9630.0
9286.0
9759.0
10042.0
9275.0
9910.0
9775.0
9902.0
10032.0
9741.0
9513.0
9568.0
10020.0
9962.0
9894.0
10232.0
9911.0
10026.0
10142.0
9945.0
9806.0
10041.0
9801.0
9888.0
10086.0
10065.0
9796.0
9886.0
9770.0
9953.0
10090.0
9867.0
10066.0
9864.0
9365.0
10157.0
9754.0
9568.0
10062.0
10297.0
10013.0
10100.0
9886.0
9819.0
9529.0
10069.0
9803.0
9866.0
10311.0
10219.0
9835.0
9978.0
9493.0
9692.0
9791.0
10249.0
9953.0
9694.0
9761.0
9202.0
9932.0
9488.0
9876.0
9816.0
10159.0
10357.0
9771.0
9850.0
9955.0
10195.0
10053.0
10211.0
Run Stats for experiment at: 04-26-2018 11:44:51
10146.0
9864.0
9964.0
9916.0
9744.0
10274.0
9789.0
9764.0
9887.0
9642.0
9793.0
9714.0
10185.0
10289.0
9965.0
10268.0
9697.0
9854.0
9718.0
9856.0
10099.0
9825.0
9431.0
10149.0
9465.0
9312.0
10051.0
10033.0
9846.0
9378.0
9932.0
9860.0
9498.0
10132.0
9807.0
9752.0
10048.0
10037.0
10050.0
9939.0
9835.0
9895.0
9690.0
10191.0
10046.0
9720.0
10278.0
9865.0
10064.0
10062.0
9981.0
9964.0
9894.0
9744.0
10059.0
9904.0
10306.0
9031.0
10152.0
10056.0
9557.0
9807.0
10048.0
10055.0
10171.0
9921.0
10006.0
10018.0
10023.0
10227.0
9756.0
9788.0
10063.0
9864.0
9534.0
9514.0
9791.0
10138.0
9606.0
10201.0
10219.0
9774.0
10264.0
9978.0
9850.0
9706.0
9891.0
9778.0
9869.0
9844.0
9565.0
9824.0
10211.0
9820.0
10259.0
9799.0
9812.0
9756.0
10114.0
9939.0
Run Stats for experiment at: 04-26-2018 11:46:40
10284.0
9810.0
10039.0
9610.0
10125.0
9637.0
9708.0
10057.0
10010.0
9899.0
10188.0
Run Stats for experiment at: 04-26-2018 11:46:57
Run Stats for experiment at: 04-26-2018 11:47:32
Run Stats for experiment at: 04-26-2018 11:48:33
10651.0
10629.0
10585.0
9705.0
11228.0
10962.0
10801.0
10428.0
10403.0
10698.0
11445.0
9773.0
10754.0
10722.0
10340.0
10381.0
10741.0
11357.0
10342.0
11057.0
10417.0
10858.0
11462.0
11045.0
10880.0
10845.0
10664.0
10458.0
11669.0
10494.0
10312.0
11202.0
10302.0
10196.0
10540.0
11104.0
10637.0
11215.0
11275.0
10812.0
11317.0
10593.0
10730.0
10735.0
10169.0
10261.0
10872.0
10106.0
9924.0
10605.0
10570.0
10397.0
10755.0
10906.0
10995.0
10524.0
10934.0
10548.0
11009.0
10249.0
10666.0
10689.0
10893.0
11024.0
9856.0
10745.0
10668.0
10428.0
10884.0
10827.0
10391.0
11198.0
11129.0
10777.0
9697.0
10008.0
10962.0
10844.0
10183.0
11058.0
10783.0
10451.0
10306.0
10552.0
10720.0
11021.0
10408.0
10775.0
11141.0
11159.0
10791.0
10584.0
10528.0
10910.0
10681.0
10564.0
11172.0
10896.0
10449.0
10593.0
Run Stats for experiment at: 04-26-2018 11:49:09
10876.0
Run Stats for experiment at: 04-26-2018 11:52:57
9687.0
Run Stats for experiment at: 04-26-2018 11:53:36
9254.0
9974.0
9574.0
9644.0
10026.0
9744.0
9511.0
9347.0
9673.0
9675.0
9874.0
9834.0
9680.0
9824.0
9450.0
9883.0
9343.0
9767.0
9861.0
9632.0
9845.0
9402.0
9548.0
9380.0
9616.0
9932.0
9687.0
9618.0
9616.0
9378.0
9740.0
9742.0
9347.0
9488.0
9791.0
9950.0
9595.0
9603.0
9885.0
9531.0
9705.0
9365.0
9632.0
9615.0
9570.0
9288.0
9387.0
9677.0
9873.0
9746.0
9522.0
9168.0
9451.0
9810.0
9953.0
9861.0
9340.0
9623.0
9396.0
9811.0
9734.0
9665.0
9582.0
9997.0
9813.0
9658.0
9609.0
9667.0
9267.0
9819.0
9948.0
9514.0
9541.0
9981.0
9412.0
9647.0
9830.0
9679.0
9902.0
9915.0
9574.0
9746.0
9851.0
9381.0
9780.0
9725.0
9529.0
9554.0
9608.0
9568.0
9698.0
9990.0
9649.0
9838.0
9833.0
9856.0
9736.0
9662.0
9609.0
9536.0
Run Stats for experiment at: 04-26-2018 11:54:42
9725.0
9756.0
9619.0
10126.0
10012.0
9964.0
9723.0
9638.0
8976.0
9489.0
9505.0
9931.0
10312.0
9997.0
9724.0
10027.0
9802.0
9639.0
9775.0
9925.0
10314.0
9818.0
9537.0
9919.0
9637.0
9953.0
9957.0
9393.0
10267.0
9808.0
9877.0
9969.0
10104.0
10080.0
9729.0
9979.0
10005.0
10164.0
9730.0
9671.0
10123.0
9703.0
10068.0
9678.0
9655.0
9965.0
10069.0
9826.0
9828.0
10203.0
9886.0
9815.0
9996.0
9943.0
9943.0
10045.0
9817.0
9975.0
9865.0
9951.0
9888.0
9411.0
9840.0
9817.0
9935.0
10171.0
10012.0
9516.0
9764.0
9800.0
10077.0
9563.0
10142.0
10026.0
9768.0
9387.0
10019.0
9792.0
9816.0
10236.0
9502.0
9732.0
9581.0
10199.0
10257.0
9984.0
9996.0
9654.0
9333.0
9902.0
10115.0
10113.0
9388.0
9734.0
9468.0
9903.0
10207.0
9941.0
10061.0
9674.0
