Run Stats for experiment at: 05-24-2018 17:25:28
2726.0
2712.0
2562.0
2719.0
2634.0
2765.0
2957.0
2816.0
2809.0
2806.0
2778.0
2798.0
2707.0
2822.0
2776.0
2818.0
2748.0
2821.0
2710.0
2700.0
2574.0
2824.0
2860.0
2688.0
2607.0
2868.0
2761.0
2846.0
2801.0
2891.0
2788.0
2380.0
2863.0
2885.0
2792.0
2586.0
2739.0
2943.0
2851.0
2732.0
2620.0
2744.0
2766.0
2842.0
2507.0
2711.0
2990.0
2897.0
2885.0
2873.0
2911.0
2778.0
2825.0
2778.0
2859.0
2838.0
2796.0
2817.0
2760.0
2806.0
2661.0
2736.0
2649.0
2598.0
2817.0
2833.0
2733.0
2896.0
2739.0
2766.0
2818.0
2800.0
2811.0
2628.0
2903.0
2781.0
2836.0
2579.0
2680.0
2699.0
2651.0
2756.0
2782.0
2494.0
2818.0
2559.0
2645.0
2806.0
2659.0
2797.0
2757.0
2784.0
2731.0
2888.0
2754.0
2713.0
2777.0
2738.0
2845.0
2887.0
Run Stats for experiment at: 05-24-2018 17:25:48
2726.0
2712.0
2562.0
2719.0
2634.0
2765.0
2957.0
2816.0
2809.0
2806.0
2778.0
2798.0
2707.0
2822.0
2776.0
2818.0
2748.0
2821.0
2710.0
2700.0
2574.0
2824.0
2860.0
2688.0
2607.0
2868.0
2761.0
2846.0
2801.0
2891.0
2788.0
2380.0
2863.0
2885.0
2792.0
2586.0
2739.0
2943.0
2851.0
2732.0
2620.0
2744.0
2766.0
2842.0
2507.0
2711.0
2990.0
2897.0
2885.0
2873.0
2911.0
2778.0
2825.0
2778.0
2859.0
2838.0
2796.0
2817.0
2760.0
2806.0
2661.0
2736.0
2649.0
2598.0
2817.0
2833.0
2733.0
2896.0
2739.0
2766.0
2818.0
2800.0
2811.0
2628.0
2903.0
2781.0
2836.0
2579.0
2680.0
2699.0
2651.0
2756.0
2782.0
2494.0
2818.0
2559.0
2645.0
2806.0
2659.0
2797.0
2757.0
2784.0
2731.0
2888.0
2754.0
2713.0
2777.0
2738.0
2845.0
2887.0
