Run Stats for experiment at: 05-16-2018 23:19:50
2731.0
2712.0
2820.0
2817.0
2910.0
2886.0
2816.0
2788.0
2761.0
2611.0
2734.0
2876.0
2825.0
2803.0
2827.0
2733.0
2693.0
2797.0
2855.0
2746.0
2933.0
2707.0
2381.0
2778.0
2638.0
2740.0
2734.0
2774.0
2631.0
2860.0
2831.0
2766.0
2716.0
2858.0
2731.0
2867.0
2698.0
2777.0
2890.0
2747.0
2839.0
2757.0
2700.0
2784.0
2803.0
2695.0
2745.0
2735.0
2643.0
2753.0
2846.0
2791.0
2837.0
2788.0
2749.0
2768.0
2736.0
2899.0
2676.0
2770.0
2791.0
2797.0
2491.0
2794.0
2753.0
2892.0
2789.0
2763.0
2844.0
2755.0
2835.0
2833.0
2680.0
2831.0
2755.0
2651.0
2805.0
2786.0
2805.0
2734.0
2673.0
2825.0
2681.0
2955.0
2752.0
2629.0
2917.0
2822.0
2768.0
2627.0
2853.0
2756.0
2818.0
2768.0
2810.0
2765.0
2819.0
2647.0
2816.0
2714.0
